[0.472s] Invoking command in '/home/nordin/workspace/ITI_LAB1': PS1=\[\e]0;\u@\h: \w\a\]${debian_chroot:+($debian_chroot)}\[\033[01;32m\]\u@\h\[\033[00m\]:\[\033[01;34m\]\w\[\033[00m\]\$ PYTHONPATH=/home/nordin/workspace/ITI_LAB1/build/ITI_LAB1/prefix_override:/home/nordin/workspace/ITI_LAB1/install/ITI_LAB1/lib/python3.10/site-packages:${PYTHONPATH} /usr/bin/python3 setup.py egg_info --egg-base build/ITI_LAB1 build --build-base /home/nordin/workspace/ITI_LAB1/build/ITI_LAB1/build install --record /home/nordin/workspace/ITI_LAB1/build/ITI_LAB1/install.log --single-version-externally-managed
[0.645s] running egg_info
[0.647s] writing build/ITI_LAB1/ITI_LAB1.egg-info/PKG-INFO
[0.647s] writing dependency_links to build/ITI_LAB1/ITI_LAB1.egg-info/dependency_links.txt
[0.647s] writing entry points to build/ITI_LAB1/ITI_LAB1.egg-info/entry_points.txt
[0.648s] writing requirements to build/ITI_LAB1/ITI_LAB1.egg-info/requires.txt
[0.648s] writing top-level names to build/ITI_LAB1/ITI_LAB1.egg-info/top_level.txt
[0.649s] reading manifest file 'build/ITI_LAB1/ITI_LAB1.egg-info/SOURCES.txt'
[0.650s] writing manifest file 'build/ITI_LAB1/ITI_LAB1.egg-info/SOURCES.txt'
[0.650s] running build
[0.650s] running build_py
[0.651s] running install
[0.651s] /usr/lib/python3/dist-packages/setuptools/command/install.py:34: SetuptoolsDeprecationWarning: setup.py install is deprecated. Use build and pip and other standards-based tools.
[0.651s]   warnings.warn(
[0.651s] running install_lib
[0.652s] running install_data
[0.653s] running install_egg_info
[0.654s] removing '/home/nordin/workspace/ITI_LAB1/install/ITI_LAB1/lib/python3.10/site-packages/ITI_LAB1-0.0.0-py3.10.egg-info' (and everything under it)
[0.654s] Copying build/ITI_LAB1/ITI_LAB1.egg-info to /home/nordin/workspace/ITI_LAB1/install/ITI_LAB1/lib/python3.10/site-packages/ITI_LAB1-0.0.0-py3.10.egg-info
[0.655s] running install_scripts
[0.672s] writing list of installed files to '/home/nordin/workspace/ITI_LAB1/build/ITI_LAB1/install.log'
[0.700s] Invoked command in '/home/nordin/workspace/ITI_LAB1' returned '0': PS1=\[\e]0;\u@\h: \w\a\]${debian_chroot:+($debian_chroot)}\[\033[01;32m\]\u@\h\[\033[00m\]:\[\033[01;34m\]\w\[\033[00m\]\$ PYTHONPATH=/home/nordin/workspace/ITI_LAB1/build/ITI_LAB1/prefix_override:/home/nordin/workspace/ITI_LAB1/install/ITI_LAB1/lib/python3.10/site-packages:${PYTHONPATH} /usr/bin/python3 setup.py egg_info --egg-base build/ITI_LAB1 build --build-base /home/nordin/workspace/ITI_LAB1/build/ITI_LAB1/build install --record /home/nordin/workspace/ITI_LAB1/build/ITI_LAB1/install.log --single-version-externally-managed
