[0.535s] DEBUG:colcon:Command line arguments: ['/usr/bin/colcon', 'build']
[0.535s] DEBUG:colcon:Parsed command line arguments: Namespace(log_base=None, log_level=None, verb_name='build', build_base='build', install_base='install', merge_install=False, symlink_install=False, test_result_base=None, continue_on_error=False, executor='parallel', parallel_workers=16, event_handlers=None, ignore_user_meta=False, metas=['./colcon.meta'], base_paths=['.'], packages_ignore=None, packages_ignore_regex=None, paths=None, packages_up_to=None, packages_up_to_regex=None, packages_above=None, packages_above_and_dependencies=None, packages_above_depth=None, packages_select_by_dep=None, packages_skip_by_dep=None, packages_skip_up_to=None, packages_select_build_failed=False, packages_skip_build_finished=False, packages_select_test_failures=False, packages_skip_test_passed=False, packages_select=None, packages_skip=None, packages_select_regex=None, packages_skip_regex=None, packages_start=None, packages_end=None, allow_overriding=[], cmake_args=None, cmake_target=None, cmake_target_skip_unavailable=False, cmake_clean_cache=False, cmake_clean_first=False, cmake_force_configure=False, ament_cmake_args=None, catkin_cmake_args=None, catkin_skip_building_tests=False, verb_parser=<colcon_defaults.argument_parser.defaults.DefaultArgumentsDecorator object at 0x7f991dbba0b0>, verb_extension=<colcon_core.verb.build.BuildVerb object at 0x7f991e40db40>, main=<bound method BuildVerb.main of <colcon_core.verb.build.BuildVerb object at 0x7f991e40db40>>)
[0.570s] Level 1:colcon.colcon_core.package_discovery:discover_packages(colcon_meta) check parameters
[0.570s] Level 1:colcon.colcon_core.package_discovery:discover_packages(recursive) check parameters
[0.570s] Level 1:colcon.colcon_core.package_discovery:discover_packages(ignore) check parameters
[0.570s] Level 1:colcon.colcon_core.package_discovery:discover_packages(path) check parameters
[0.570s] Level 1:colcon.colcon_core.package_discovery:discover_packages(colcon_meta) discover
[0.570s] Level 1:colcon.colcon_core.package_discovery:discover_packages(recursive) discover
[0.570s] INFO:colcon.colcon_core.package_discovery:Crawling recursively for packages in '/home/nordin/workspace/ITI_LAB1'
[0.570s] Level 1:colcon.colcon_core.package_identification:_identify(.) by extensions ['ignore', 'ignore_ament_install']
[0.570s] Level 1:colcon.colcon_core.package_identification:_identify(.) by extension 'ignore'
[0.571s] Level 1:colcon.colcon_core.package_identification:_identify(.) by extension 'ignore_ament_install'
[0.571s] Level 1:colcon.colcon_core.package_identification:_identify(.) by extensions ['colcon_pkg']
[0.571s] Level 1:colcon.colcon_core.package_identification:_identify(.) by extension 'colcon_pkg'
[0.571s] Level 1:colcon.colcon_core.package_identification:_identify(.) by extensions ['colcon_meta']
[0.571s] Level 1:colcon.colcon_core.package_identification:_identify(.) by extension 'colcon_meta'
[0.571s] Level 1:colcon.colcon_core.package_identification:_identify(.) by extensions ['ros']
[0.571s] Level 1:colcon.colcon_core.package_identification:_identify(.) by extension 'ros'
[0.583s] DEBUG:colcon.colcon_core.package_identification:Package '.' with type 'ros.ament_python' and name 'ITI_LAB1'
[0.583s] Level 1:colcon.colcon_core.package_discovery:discover_packages(recursive) using defaults
[0.583s] Level 1:colcon.colcon_core.package_discovery:discover_packages(ignore) discover
[0.583s] Level 1:colcon.colcon_core.package_discovery:discover_packages(ignore) using defaults
[0.583s] Level 1:colcon.colcon_core.package_discovery:discover_packages(path) discover
[0.583s] Level 1:colcon.colcon_core.package_discovery:discover_packages(path) using defaults
[0.605s] Level 1:colcon.colcon_core.package_discovery:discover_packages(prefix_path) check parameters
[0.605s] Level 1:colcon.colcon_core.package_discovery:discover_packages(prefix_path) discover
[0.608s] DEBUG:colcon.colcon_installed_package_information.package_discovery:Found 270 installed packages in /opt/ros/humble
[0.609s] Level 1:colcon.colcon_core.package_discovery:discover_packages(prefix_path) using defaults
[0.663s] Level 5:colcon.colcon_core.verb:set package 'ITI_LAB1' build argument 'cmake_args' from command line to 'None'
[0.664s] Level 5:colcon.colcon_core.verb:set package 'ITI_LAB1' build argument 'cmake_target' from command line to 'None'
[0.664s] Level 5:colcon.colcon_core.verb:set package 'ITI_LAB1' build argument 'cmake_target_skip_unavailable' from command line to 'False'
[0.664s] Level 5:colcon.colcon_core.verb:set package 'ITI_LAB1' build argument 'cmake_clean_cache' from command line to 'False'
[0.664s] Level 5:colcon.colcon_core.verb:set package 'ITI_LAB1' build argument 'cmake_clean_first' from command line to 'False'
[0.664s] Level 5:colcon.colcon_core.verb:set package 'ITI_LAB1' build argument 'cmake_force_configure' from command line to 'False'
[0.664s] Level 5:colcon.colcon_core.verb:set package 'ITI_LAB1' build argument 'ament_cmake_args' from command line to 'None'
[0.664s] Level 5:colcon.colcon_core.verb:set package 'ITI_LAB1' build argument 'catkin_cmake_args' from command line to 'None'
[0.664s] Level 5:colcon.colcon_core.verb:set package 'ITI_LAB1' build argument 'catkin_skip_building_tests' from command line to 'False'
[0.664s] DEBUG:colcon.colcon_core.verb:Building package 'ITI_LAB1' with the following arguments: {'ament_cmake_args': None, 'build_base': '/home/nordin/workspace/ITI_LAB1/build/ITI_LAB1', 'catkin_cmake_args': None, 'catkin_skip_building_tests': False, 'cmake_args': None, 'cmake_clean_cache': False, 'cmake_clean_first': False, 'cmake_force_configure': False, 'cmake_target': None, 'cmake_target_skip_unavailable': False, 'install_base': '/home/nordin/workspace/ITI_LAB1/install/ITI_LAB1', 'merge_install': False, 'path': '/home/nordin/workspace/ITI_LAB1', 'symlink_install': False, 'test_result_base': None}
[0.664s] INFO:colcon.colcon_core.executor:Executing jobs using 'parallel' executor
[0.668s] DEBUG:colcon.colcon_parallel_executor.executor.parallel:run_until_complete
[0.668s] INFO:colcon.colcon_ros.task.ament_python.build:Building ROS package in '/home/nordin/workspace/ITI_LAB1' with build type 'ament_python'
[0.668s] Level 1:colcon.colcon_core.shell:create_environment_hook('ITI_LAB1', 'ament_prefix_path')
[0.673s] INFO:colcon.colcon_core.plugin_system:Skipping extension 'colcon_core.shell.bat': Not used on non-Windows systems
[0.673s] INFO:colcon.colcon_core.shell:Creating environment hook '/home/nordin/workspace/ITI_LAB1/install/ITI_LAB1/share/ITI_LAB1/hook/ament_prefix_path.ps1'
[0.674s] INFO:colcon.colcon_core.shell:Creating environment descriptor '/home/nordin/workspace/ITI_LAB1/install/ITI_LAB1/share/ITI_LAB1/hook/ament_prefix_path.dsv'
[0.674s] INFO:colcon.colcon_core.shell:Creating environment hook '/home/nordin/workspace/ITI_LAB1/install/ITI_LAB1/share/ITI_LAB1/hook/ament_prefix_path.sh'
[0.676s] INFO:colcon.colcon_core.shell:Skip shell extension 'powershell' for command environment: Not usable outside of PowerShell
[0.676s] DEBUG:colcon.colcon_core.shell:Skip shell extension 'dsv' for command environment
[0.876s] INFO:colcon.colcon_core.task.python.build:Building Python package in '/home/nordin/workspace/ITI_LAB1'
[0.877s] INFO:colcon.colcon_core.shell:Skip shell extension 'powershell' for command environment: Not usable outside of PowerShell
[0.877s] DEBUG:colcon.colcon_core.shell:Skip shell extension 'dsv' for command environment
[1.142s] DEBUG:colcon.colcon_core.event_handler.log_command:Invoking command in '/home/nordin/workspace/ITI_LAB1': PS1=\[\e]0;\u@\h: \w\a\]${debian_chroot:+($debian_chroot)}\[\033[01;32m\]\u@\h\[\033[00m\]:\[\033[01;34m\]\w\[\033[00m\]\$ PYTHONPATH=/home/nordin/workspace/ITI_LAB1/build/ITI_LAB1/prefix_override:/home/nordin/workspace/ITI_LAB1/install/ITI_LAB1/lib/python3.10/site-packages:${PYTHONPATH} /usr/bin/python3 setup.py egg_info --egg-base build/ITI_LAB1 build --build-base /home/nordin/workspace/ITI_LAB1/build/ITI_LAB1/build install --record /home/nordin/workspace/ITI_LAB1/build/ITI_LAB1/install.log --single-version-externally-managed
[1.370s] DEBUG:colcon.colcon_core.event_handler.log_command:Invoked command in '/home/nordin/workspace/ITI_LAB1' returned '0': PS1=\[\e]0;\u@\h: \w\a\]${debian_chroot:+($debian_chroot)}\[\033[01;32m\]\u@\h\[\033[00m\]:\[\033[01;34m\]\w\[\033[00m\]\$ PYTHONPATH=/home/nordin/workspace/ITI_LAB1/build/ITI_LAB1/prefix_override:/home/nordin/workspace/ITI_LAB1/install/ITI_LAB1/lib/python3.10/site-packages:${PYTHONPATH} /usr/bin/python3 setup.py egg_info --egg-base build/ITI_LAB1 build --build-base /home/nordin/workspace/ITI_LAB1/build/ITI_LAB1/build install --record /home/nordin/workspace/ITI_LAB1/build/ITI_LAB1/install.log --single-version-externally-managed
[1.375s] Level 1:colcon.colcon_core.environment:checking '/home/nordin/workspace/ITI_LAB1/install/ITI_LAB1' for CMake module files
[1.375s] Level 1:colcon.colcon_core.environment:checking '/home/nordin/workspace/ITI_LAB1/install/ITI_LAB1' for CMake config files
[1.376s] Level 1:colcon.colcon_core.environment:checking '/home/nordin/workspace/ITI_LAB1/install/ITI_LAB1/lib'
[1.376s] Level 1:colcon.colcon_core.environment:checking '/home/nordin/workspace/ITI_LAB1/install/ITI_LAB1/bin'
[1.376s] Level 1:colcon.colcon_core.environment:checking '/home/nordin/workspace/ITI_LAB1/install/ITI_LAB1/lib/pkgconfig/ITI_LAB1.pc'
[1.376s] Level 1:colcon.colcon_core.environment:checking '/home/nordin/workspace/ITI_LAB1/install/ITI_LAB1/lib/python3.10/site-packages'
[1.376s] Level 1:colcon.colcon_core.shell:create_environment_hook('ITI_LAB1', 'pythonpath')
[1.377s] INFO:colcon.colcon_core.shell:Creating environment hook '/home/nordin/workspace/ITI_LAB1/install/ITI_LAB1/share/ITI_LAB1/hook/pythonpath.ps1'
[1.378s] INFO:colcon.colcon_core.shell:Creating environment descriptor '/home/nordin/workspace/ITI_LAB1/install/ITI_LAB1/share/ITI_LAB1/hook/pythonpath.dsv'
[1.378s] INFO:colcon.colcon_core.shell:Creating environment hook '/home/nordin/workspace/ITI_LAB1/install/ITI_LAB1/share/ITI_LAB1/hook/pythonpath.sh'
[1.379s] Level 1:colcon.colcon_core.environment:checking '/home/nordin/workspace/ITI_LAB1/install/ITI_LAB1/bin'
[1.379s] Level 1:colcon.colcon_core.environment:create_environment_scripts_only(ITI_LAB1)
[1.380s] INFO:colcon.colcon_core.shell:Creating package script '/home/nordin/workspace/ITI_LAB1/install/ITI_LAB1/share/ITI_LAB1/package.ps1'
[1.381s] INFO:colcon.colcon_core.shell:Creating package descriptor '/home/nordin/workspace/ITI_LAB1/install/ITI_LAB1/share/ITI_LAB1/package.dsv'
[1.381s] INFO:colcon.colcon_core.shell:Creating package script '/home/nordin/workspace/ITI_LAB1/install/ITI_LAB1/share/ITI_LAB1/package.sh'
[1.382s] INFO:colcon.colcon_core.shell:Creating package script '/home/nordin/workspace/ITI_LAB1/install/ITI_LAB1/share/ITI_LAB1/package.bash'
[1.383s] INFO:colcon.colcon_core.shell:Creating package script '/home/nordin/workspace/ITI_LAB1/install/ITI_LAB1/share/ITI_LAB1/package.zsh'
[1.383s] Level 1:colcon.colcon_core.environment:create_file_with_runtime_dependencies(/home/nordin/workspace/ITI_LAB1/install/ITI_LAB1/share/colcon-core/packages/ITI_LAB1)
[1.384s] DEBUG:colcon.colcon_parallel_executor.executor.parallel:closing loop
[1.385s] DEBUG:colcon.colcon_parallel_executor.executor.parallel:loop closed
[1.385s] DEBUG:colcon.colcon_parallel_executor.executor.parallel:run_until_complete finished with '0'
[1.385s] DEBUG:colcon.colcon_core.event_reactor:joining thread
[1.532s] INFO:colcon.colcon_core.plugin_system:Skipping extension 'colcon_notification.desktop_notification.notify_send': Could not find 'notify-send'
[1.532s] INFO:colcon.colcon_core.plugin_system:Skipping extension 'colcon_notification.desktop_notification.terminal_notifier': Not used on non-Darwin systems
[1.532s] INFO:colcon.colcon_core.plugin_system:Skipping extension 'colcon_notification.desktop_notification.win32': Not used on non-Windows systems
[1.533s] INFO:colcon.colcon_notification.desktop_notification:Sending desktop notification using 'notify2'
[1.533s] DEBUG:colcon.colcon_notification.desktop_notification.notify2:Failed to initialize notify2: org.freedesktop.DBus.Error.FileNotFound: Failed to connect to socket /run/user/1000/bus: No such file or directory
[1.533s] DEBUG:colcon.colcon_core.event_reactor:joined thread
[1.535s] INFO:colcon.colcon_core.shell:Creating prefix script '/home/nordin/workspace/ITI_LAB1/install/local_setup.ps1'
[1.536s] INFO:colcon.colcon_core.shell:Creating prefix util module '/home/nordin/workspace/ITI_LAB1/install/_local_setup_util_ps1.py'
[1.537s] INFO:colcon.colcon_core.shell:Creating prefix chain script '/home/nordin/workspace/ITI_LAB1/install/setup.ps1'
[1.539s] INFO:colcon.colcon_core.shell:Creating prefix script '/home/nordin/workspace/ITI_LAB1/install/local_setup.sh'
[1.539s] INFO:colcon.colcon_core.shell:Creating prefix util module '/home/nordin/workspace/ITI_LAB1/install/_local_setup_util_sh.py'
[1.540s] INFO:colcon.colcon_core.shell:Creating prefix chain script '/home/nordin/workspace/ITI_LAB1/install/setup.sh'
[1.541s] INFO:colcon.colcon_core.shell:Creating prefix script '/home/nordin/workspace/ITI_LAB1/install/local_setup.bash'
[1.542s] INFO:colcon.colcon_core.shell:Creating prefix chain script '/home/nordin/workspace/ITI_LAB1/install/setup.bash'
[1.543s] INFO:colcon.colcon_core.shell:Creating prefix script '/home/nordin/workspace/ITI_LAB1/install/local_setup.zsh'
[1.544s] INFO:colcon.colcon_core.shell:Creating prefix chain script '/home/nordin/workspace/ITI_LAB1/install/setup.zsh'
