[0.571s] Invoking command in '/home/nordin/workspace/ITI_LAB1': PS1=\[\e]0;\u@\h: \w\a\]${debian_chroot:+($debian_chroot)}\[\033[01;32m\]\u@\h\[\033[00m\]:\[\033[01;34m\]\w\[\033[00m\]\$ PYTHONPATH=/home/nordin/workspace/ITI_LAB1/build/ITI_LAB1/prefix_override:/home/nordin/workspace/ITI_LAB1/install/ITI_LAB1/lib/python3.10/site-packages:${PYTHONPATH} /usr/bin/python3 setup.py egg_info --egg-base build/ITI_LAB1 build --build-base /home/nordin/workspace/ITI_LAB1/build/ITI_LAB1/build install --record /home/nordin/workspace/ITI_LAB1/build/ITI_LAB1/install.log --single-version-externally-managed
[0.744s] running egg_info
[0.744s] creating build/ITI_LAB1/ITI_LAB1.egg-info
[0.745s] writing build/ITI_LAB1/ITI_LAB1.egg-info/PKG-INFO
[0.746s] writing dependency_links to build/ITI_LAB1/ITI_LAB1.egg-info/dependency_links.txt
[0.746s] writing entry points to build/ITI_LAB1/ITI_LAB1.egg-info/entry_points.txt
[0.746s] writing requirements to build/ITI_LAB1/ITI_LAB1.egg-info/requires.txt
[0.746s] writing top-level names to build/ITI_LAB1/ITI_LAB1.egg-info/top_level.txt
[0.746s] writing manifest file 'build/ITI_LAB1/ITI_LAB1.egg-info/SOURCES.txt'
[0.748s] reading manifest file 'build/ITI_LAB1/ITI_LAB1.egg-info/SOURCES.txt'
[0.749s] writing manifest file 'build/ITI_LAB1/ITI_LAB1.egg-info/SOURCES.txt'
[0.750s] running build
[0.750s] running build_py
[0.750s] creating /home/nordin/workspace/ITI_LAB1/build/ITI_LAB1/build
[0.750s] creating /home/nordin/workspace/ITI_LAB1/build/ITI_LAB1/build/lib
[0.751s] creating /home/nordin/workspace/ITI_LAB1/build/ITI_LAB1/build/lib/ITI_LAB1
[0.751s] copying ITI_LAB1/node2.py -> /home/nordin/workspace/ITI_LAB1/build/ITI_LAB1/build/lib/ITI_LAB1
[0.752s] copying ITI_LAB1/node1.py -> /home/nordin/workspace/ITI_LAB1/build/ITI_LAB1/build/lib/ITI_LAB1
[0.752s] copying ITI_LAB1/__init__.py -> /home/nordin/workspace/ITI_LAB1/build/ITI_LAB1/build/lib/ITI_LAB1
[0.752s] running install
[0.753s] /usr/lib/python3/dist-packages/setuptools/command/install.py:34: SetuptoolsDeprecationWarning: setup.py install is deprecated. Use build and pip and other standards-based tools.
[0.753s]   warnings.warn(
[0.753s] running install_lib
[0.754s] creating /home/nordin/workspace/ITI_LAB1/install/ITI_LAB1/lib/python3.10/site-packages/ITI_LAB1
[0.754s] copying /home/nordin/workspace/ITI_LAB1/build/ITI_LAB1/build/lib/ITI_LAB1/node2.py -> /home/nordin/workspace/ITI_LAB1/install/ITI_LAB1/lib/python3.10/site-packages/ITI_LAB1
[0.754s] copying /home/nordin/workspace/ITI_LAB1/build/ITI_LAB1/build/lib/ITI_LAB1/node1.py -> /home/nordin/workspace/ITI_LAB1/install/ITI_LAB1/lib/python3.10/site-packages/ITI_LAB1
[0.755s] copying /home/nordin/workspace/ITI_LAB1/build/ITI_LAB1/build/lib/ITI_LAB1/__init__.py -> /home/nordin/workspace/ITI_LAB1/install/ITI_LAB1/lib/python3.10/site-packages/ITI_LAB1
[0.755s] byte-compiling /home/nordin/workspace/ITI_LAB1/install/ITI_LAB1/lib/python3.10/site-packages/ITI_LAB1/node2.py to node2.cpython-310.pyc
[0.757s] byte-compiling /home/nordin/workspace/ITI_LAB1/install/ITI_LAB1/lib/python3.10/site-packages/ITI_LAB1/node1.py to node1.cpython-310.pyc
[0.757s] byte-compiling /home/nordin/workspace/ITI_LAB1/install/ITI_LAB1/lib/python3.10/site-packages/ITI_LAB1/__init__.py to __init__.cpython-310.pyc
[0.758s] running install_data
[0.758s] creating /home/nordin/workspace/ITI_LAB1/install/ITI_LAB1/share/ament_index
[0.759s] creating /home/nordin/workspace/ITI_LAB1/install/ITI_LAB1/share/ament_index/resource_index
[0.759s] creating /home/nordin/workspace/ITI_LAB1/install/ITI_LAB1/share/ament_index/resource_index/packages
[0.759s] copying resource/ITI_LAB1 -> /home/nordin/workspace/ITI_LAB1/install/ITI_LAB1/share/ament_index/resource_index/packages
[0.760s] copying package.xml -> /home/nordin/workspace/ITI_LAB1/install/ITI_LAB1/share/ITI_LAB1
[0.760s] running install_egg_info
[0.761s] Copying build/ITI_LAB1/ITI_LAB1.egg-info to /home/nordin/workspace/ITI_LAB1/install/ITI_LAB1/lib/python3.10/site-packages/ITI_LAB1-0.0.0-py3.10.egg-info
[0.763s] running install_scripts
[0.780s] writing list of installed files to '/home/nordin/workspace/ITI_LAB1/build/ITI_LAB1/install.log'
[0.812s] Invoked command in '/home/nordin/workspace/ITI_LAB1' returned '0': PS1=\[\e]0;\u@\h: \w\a\]${debian_chroot:+($debian_chroot)}\[\033[01;32m\]\u@\h\[\033[00m\]:\[\033[01;34m\]\w\[\033[00m\]\$ PYTHONPATH=/home/nordin/workspace/ITI_LAB1/build/ITI_LAB1/prefix_override:/home/nordin/workspace/ITI_LAB1/install/ITI_LAB1/lib/python3.10/site-packages:${PYTHONPATH} /usr/bin/python3 setup.py egg_info --egg-base build/ITI_LAB1 build --build-base /home/nordin/workspace/ITI_LAB1/build/ITI_LAB1/build install --record /home/nordin/workspace/ITI_LAB1/build/ITI_LAB1/install.log --single-version-externally-managed
